2018-05-07 2:32:24 - PHP Notice:  Undefined variable: sect in /var/www/html/admin/view/template/catalog/latenight_form.tpl on line 56
2018-05-07 2:32:24 - PHP Notice:  Undefined variable: sect in /var/www/html/admin/view/template/catalog/latenight_form.tpl on line 56
2018-05-07 2:32:24 - PHP Notice:  Undefined variable: sect in /var/www/html/admin/view/template/catalog/latenight_form.tpl on line 56
2018-05-07 2:32:24 - PHP Notice:  Undefined variable: sect in /var/www/html/admin/view/template/catalog/latenight_form.tpl on line 56
2018-05-07 2:32:24 - PHP Notice:  Undefined variable: sect in /var/www/html/admin/view/template/catalog/latenight_form.tpl on line 56
2018-05-07 2:32:49 - PHP Notice:  Undefined variable: sect in /var/www/html/admin/view/template/catalog/latenight_form.tpl on line 56
2018-05-07 2:32:49 - PHP Notice:  Undefined variable: sect in /var/www/html/admin/view/template/catalog/latenight_form.tpl on line 56
2018-05-07 2:32:49 - PHP Notice:  Undefined variable: sect in /var/www/html/admin/view/template/catalog/latenight_form.tpl on line 56
2018-05-07 2:32:49 - PHP Notice:  Undefined variable: sect in /var/www/html/admin/view/template/catalog/latenight_form.tpl on line 56
2018-05-07 2:32:49 - PHP Notice:  Undefined variable: sect in /var/www/html/admin/view/template/catalog/latenight_form.tpl on line 56
2018-05-07 2:35:14 - PHP Notice:  Undefined variable: sect in /var/www/html/admin/view/template/catalog/latenight_form.tpl on line 56
2018-05-07 2:35:14 - PHP Notice:  Undefined variable: sect in /var/www/html/admin/view/template/catalog/latenight_form.tpl on line 56
2018-05-07 2:35:14 - PHP Notice:  Undefined variable: sect in /var/www/html/admin/view/template/catalog/latenight_form.tpl on line 56
2018-05-07 2:35:14 - PHP Notice:  Undefined variable: sect in /var/www/html/admin/view/template/catalog/latenight_form.tpl on line 56
2018-05-07 2:35:14 - PHP Notice:  Undefined variable: sect in /var/www/html/admin/view/template/catalog/latenight_form.tpl on line 56
2018-05-07 2:35:24 - PHP Notice:  Undefined variable: sect in /var/www/html/admin/view/template/catalog/latenight_form.tpl on line 56
2018-05-07 2:35:24 - PHP Notice:  Undefined variable: sect in /var/www/html/admin/view/template/catalog/latenight_form.tpl on line 56
2018-05-07 2:35:24 - PHP Notice:  Undefined variable: sect in /var/www/html/admin/view/template/catalog/latenight_form.tpl on line 56
2018-05-07 2:35:24 - PHP Notice:  Undefined variable: sect in /var/www/html/admin/view/template/catalog/latenight_form.tpl on line 56
2018-05-07 2:35:24 - PHP Notice:  Undefined variable: sect in /var/www/html/admin/view/template/catalog/latenight_form.tpl on line 56
2018-05-07 5:40:40 - PHP Notice:  Undefined variable: sort_tax in /var/www/html/admin/view/template/catalog/transport_list.tpl on line 52
2018-05-07 5:40:40 - PHP Notice:  Undefined variable: column_date_from in /var/www/html/admin/view/template/catalog/transport_list.tpl on line 52
2018-05-07 5:40:40 - PHP Notice:  Undefined variable: sort_tax in /var/www/html/admin/view/template/catalog/transport_list.tpl on line 58
2018-05-07 5:40:40 - PHP Notice:  Undefined variable: column_date_to in /var/www/html/admin/view/template/catalog/transport_list.tpl on line 58
2018-05-07 5:42:00 - PHP Notice:  Undefined variable: sort_tax in /var/www/html/admin/view/template/catalog/transport_list.tpl on line 52
2018-05-07 5:42:00 - PHP Notice:  Undefined variable: sort_tax in /var/www/html/admin/view/template/catalog/transport_list.tpl on line 58
2018-05-07 5:43:32 - PHP Notice:  Undefined variable: sort_tax in /var/www/html/admin/view/template/catalog/transport_list.tpl on line 52
2018-05-07 5:43:32 - PHP Notice:  Undefined variable: sort_tax in /var/www/html/admin/view/template/catalog/transport_list.tpl on line 58
2018-05-07 5:45:14 - PHP Notice:  Undefined variable: entry_date_from in /var/www/html/admin/view/template/catalog/transport_form.tpl on line 49
2018-05-07 5:45:14 - PHP Notice:  Undefined variable: entry_date_from in /var/www/html/admin/view/template/catalog/transport_form.tpl on line 52
2018-05-07 5:45:14 - PHP Notice:  Undefined variable: entry_date_to in /var/www/html/admin/view/template/catalog/transport_form.tpl on line 59
2018-05-07 5:45:14 - PHP Notice:  Undefined variable: entry_date_to in /var/www/html/admin/view/template/catalog/transport_form.tpl on line 62
2018-05-07 5:47:30 - PHP Notice:  Undefined variable: sort_tax in /var/www/html/admin/view/template/catalog/transport_list.tpl on line 52
2018-05-07 5:47:30 - PHP Notice:  Undefined variable: sort_tax in /var/www/html/admin/view/template/catalog/transport_list.tpl on line 58
